#
# There is insufficient memory for the Java Runtime Environment to continue.
# Native memory allocation (mmap) failed to map 134217728 bytes for Failed to commit area from 0x0000000080c00000 to 0x0000000088c00000 of length 134217728.
# Possible reasons:
#   The system is out of physical RAM or swap space
#   The process is running with CompressedOops enabled, and the Java Heap may be blocking the growth of the native heap
# Possible solutions:
#   Reduce memory load on the system
#   Increase physical memory or swap space
#   Check if swap backing store is full
#   Decrease Java heap size (-Xmx/-Xms)
#   Decrease number of Java threads
#   Decrease Java thread stack sizes (-Xss)
#   Set larger code cache with -XX:ReservedCodeCacheSize=
# This output file may be truncated or incomplete.
#
#  Out of Memory Error (./src/hotspot/os/windows/os_windows.cpp:3303), pid=12928, tid=12972
#
# JRE version:  (11.0.9.1+1) (build )
# Java VM: OpenJDK 64-Bit Server VM (11.0.9.1+1, mixed mode, sharing, tiered, compressed oops, g1 gc, windows-amd64)
# No core dump will be written. Minidumps are not enabled by default on client versions of Windows
#

---------------  S U M M A R Y ------------

Command Line: artifacts/app-deadline.jar -P:jdbc.url=jdbc:mysql://localhost:3306/app_db -P:jdbc.user=app -P:jdbc.password=pass

Host: Intel(R) Core(TM) i5-2410M CPU @ 2.30GHz, 4 cores, 7G,  Windows 10 , 64 bit Build 19041 (10.0.19041.928)
Time: Fri Apr 30 18:24:13 2021 RTZ 2 (зима) elapsed time: 2.126226 seconds (0d 0h 0m 2s)

---------------  T H R E A D  ---------------

Current thread (0x000002987b6d7800):  JavaThread "Unknown thread" [_thread_in_vm, id=12972, stack(0x000000be00d00000,0x000000be00e00000)]

Stack: [0x000000be00d00000,0x000000be00e00000]
Native frames: (J=compiled Java code, j=interpreted, Vv=VM code, C=native code)
V  [jvm.dll+0x5f465a]
V  [jvm.dll+0x77c78e]
V  [jvm.dll+0x77de5f]
V  [jvm.dll+0x77e523]
V  [jvm.dll+0x2477c8]
V  [jvm.dll+0x5f18ba]
V  [jvm.dll+0x5e6505]
V  [jvm.dll+0x2fca8c]
V  [jvm.dll+0x2fc912]
V  [jvm.dll+0x3015c6]
V  [jvm.dll+0x345e3f]
V  [jvm.dll+0x345870]
V  [jvm.dll+0x2d9ce8]
V  [jvm.dll+0x2dae36]
V  [jvm.dll+0x758137]
V  [jvm.dll+0x7598bf]
V  [jvm.dll+0x352c39]
V  [jvm.dll+0x73b3c0]
V  [jvm.dll+0x3ba30f]
V  [jvm.dll+0x3bc7b1]
C  [jli.dll+0x520b]
C  [ucrtbase.dll+0x21bb2]
C  [KERNEL32.DLL+0x17034]
C  [ntdll.dll+0x52651]


---------------  P R O C E S S  ---------------

Threads class SMR info:
_java_thread_list=0x000002987b510950, length=0, elements={
}

Java Threads: ( => current thread )

Other Threads:
  0x000002987b6f0000 GCTaskThread "GC Thread#0" [stack: 0x000000be00e00000,0x000000be00f00000] [id=14648]
  0x000002987b723800 ConcurrentGCThread "G1 Main Marker" [stack: 0x000000be00f00000,0x000000be01000000] [id=9024]
  0x000002987b724800 ConcurrentGCThread "G1 Conc#0" [stack: 0x000000be01000000,0x000000be01100000] [id=7000]

[error occurred during error reporting (printing all threads), id 0xc0000005, EXCEPTION_ACCESS_VIOLATION (0xc0000005) at pc=0x00007ff939669367]

VM state:not at safepoint (not fully initialized)

VM Mutex/Monitor currently owned by a thread:  ([mutex/lock_event])
[0x000002987b6d3630] Heap_lock - owner thread: 0x000002987b6d7800

Heap address: 0x0000000080c00000, size: 2036 MB, Compressed Oops mode: Non-zero based: 0x0000000080c00000
Narrow klass base: 0x0000000000000000, Narrow klass shift: 0

GC Heap History (0 events):
No events

Deoptimization events (0 events):
No events

Classes redefined (0 events):
No events

Internal exceptions (0 events):
No events

Events (1 events):
Event: 0.024 Loaded shared library C:\Program Files\AdoptOpenJDK\jdk-11.0.9.101-hotspot\bin\zip.dll


Dynamic libraries:
0x00007ff776960000 - 0x00007ff77696d000 	C:\Program Files\AdoptOpenJDK\jdk-11.0.9.101-hotspot\bin\java.exe
0x00007ff99a170000 - 0x00007ff99a365000 	C:\Windows\SYSTEM32\ntdll.dll
0x00007ff998520000 - 0x00007ff9985dd000 	C:\Windows\System32\KERNEL32.DLL
0x00007ff9978b0000 - 0x00007ff997b78000 	C:\Windows\System32\KERNELBASE.dll
0x00007ff997bd0000 - 0x00007ff997cd0000 	C:\Windows\System32\ucrtbase.dll
0x00007ff989220000 - 0x00007ff989237000 	C:\Program Files\AdoptOpenJDK\jdk-11.0.9.101-hotspot\bin\jli.dll
0x00007ff9997b0000 - 0x00007ff999950000 	C:\Windows\System32\USER32.dll
0x00007ff997fc0000 - 0x00007ff997fe2000 	C:\Windows\System32\win32u.dll
0x00007ff999f70000 - 0x00007ff999f9a000 	C:\Windows\System32\GDI32.dll
0x00007ff998020000 - 0x00007ff99812b000 	C:\Windows\System32\gdi32full.dll
0x00007ff998130000 - 0x00007ff9981cd000 	C:\Windows\System32\msvcp_win.dll
0x00007ff992580000 - 0x00007ff99281a000 	C:\Windows\WinSxS\amd64_microsoft.windows.common-controls_6595b64144ccf1df_6.0.19041.844_none_ca00b6081b84eb1d\COMCTL32.dll
0x00007ff999680000 - 0x00007ff99971e000 	C:\Windows\System32\msvcrt.dll
0x00007ff987600000 - 0x00007ff987615000 	C:\Program Files\AdoptOpenJDK\jdk-11.0.9.101-hotspot\bin\VCRUNTIME140.dll
0x00007ff999650000 - 0x00007ff999680000 	C:\Windows\System32\IMM32.DLL
0x00007ff96da30000 - 0x00007ff96dacb000 	C:\Program Files\AdoptOpenJDK\jdk-11.0.9.101-hotspot\bin\msvcp140.dll
0x00007ff939380000 - 0x00007ff939ec3000 	C:\Program Files\AdoptOpenJDK\jdk-11.0.9.101-hotspot\bin\server\jvm.dll
0x00007ff999470000 - 0x00007ff99951c000 	C:\Windows\System32\ADVAPI32.dll
0x00007ff998840000 - 0x00007ff9988db000 	C:\Windows\System32\sechost.dll
0x00007ff998600000 - 0x00007ff99872b000 	C:\Windows\System32\RPCRT4.dll
0x00007ff99a0c0000 - 0x00007ff99a0c8000 	C:\Windows\System32\PSAPI.DLL
0x00007ff9796e0000 - 0x00007ff9796e9000 	C:\Windows\SYSTEM32\WSOCK32.dll
0x00007ff9984b0000 - 0x00007ff99851b000 	C:\Windows\System32\WS2_32.dll
0x00007ff98f1b0000 - 0x00007ff98f1ba000 	C:\Windows\SYSTEM32\VERSION.dll
0x00007ff98eed0000 - 0x00007ff98eef7000 	C:\Windows\SYSTEM32\WINMM.dll
0x00007ff9957b0000 - 0x00007ff9957c2000 	C:\Windows\SYSTEM32\kernel.appcore.dll
0x00007ff993320000 - 0x00007ff993330000 	C:\Program Files\AdoptOpenJDK\jdk-11.0.9.101-hotspot\bin\verify.dll
0x00007ff9838b0000 - 0x00007ff983a94000 	C:\Windows\SYSTEM32\DBGHELP.DLL
0x00007ff985a60000 - 0x00007ff985a8c000 	C:\Windows\SYSTEM32\dbgcore.DLL
0x00007ff997cd0000 - 0x00007ff997d50000 	C:\Windows\System32\bcryptPrimitives.dll
0x00007ff9875d0000 - 0x00007ff9875f8000 	C:\Program Files\AdoptOpenJDK\jdk-11.0.9.101-hotspot\bin\java.dll
0x00007ff987760000 - 0x00007ff98776a000 	C:\Program Files\AdoptOpenJDK\jdk-11.0.9.101-hotspot\bin\jimage.dll
0x00007ff9861b0000 - 0x00007ff9861c7000 	C:\Program Files\AdoptOpenJDK\jdk-11.0.9.101-hotspot\bin\zip.dll

dbghelp: loaded successfully - version: 4.0.5 - missing functions: none
symbol engine: initialized successfully - sym options: 0x614 - pdb path: .;C:\Program Files\AdoptOpenJDK\jdk-11.0.9.101-hotspot\bin;C:\Windows\SYSTEM32;C:\Windows\WinSxS\amd64_microsoft.windows.common-controls_6595b64144ccf1df_6.0.19041.844_none_ca00b6081b84eb1d;C:\Program Files\AdoptOpenJDK\jdk-11.0.9.101-hotspot\bin\server

VM Arguments:
java_command: artifacts/app-deadline.jar -P:jdbc.url=jdbc:mysql://localhost:3306/app_db -P:jdbc.user=app -P:jdbc.password=pass
java_class_path (initial): artifacts/app-deadline.jar
Launcher Type: SUN_STANDARD

[Global flags]
     intx CICompilerCount                          = 3                                         {product} {ergonomic}
     uint ConcGCThreads                            = 1                                         {product} {ergonomic}
     uint G1ConcRefinementThreads                  = 4                                         {product} {ergonomic}
   size_t G1HeapRegionSize                         = 1048576                                   {product} {ergonomic}
    uintx GCDrainStackTargetSize                   = 64                                        {product} {ergonomic}
   size_t InitialHeapSize                          = 134217728                                 {product} {ergonomic}
   size_t MarkStackSize                            = 4194304                                   {product} {ergonomic}
   size_t MaxHeapSize                              = 2134900736                                {product} {ergonomic}
   size_t MinHeapDeltaBytes                        = 1048576                                   {product} {ergonomic}
    uintx NonNMethodCodeHeapSize                   = 5830732                                {pd product} {ergonomic}
    uintx NonProfiledCodeHeapSize                  = 122913754                              {pd product} {ergonomic}
    uintx ProfiledCodeHeapSize                     = 122913754                              {pd product} {ergonomic}
    uintx ReservedCodeCacheSize                    = 251658240                              {pd product} {ergonomic}
     bool SegmentedCodeCache                       = true                                      {product} {ergonomic}
     bool UseCompressedClassPointers               = true                                 {lp64_product} {ergonomic}
     bool UseCompressedOops                        = true                                 {lp64_product} {ergonomic}
     bool UseG1GC                                  = true                                      {product} {ergonomic}
     bool UseLargePagesIndividualAllocation        = false                                  {pd product} {ergonomic}

Logging:
Log output configuration:
 #0: stdout all=warning uptime,level,tags
 #1: stderr all=off uptime,level,tags

Environment Variables:
PATH=C:\Program Files\AdoptOpenJDK\jdk-11.0.9.101-hotspot\bin;C:\Program Files\Common Files\Oracle\Java\javapath;C:\Windows\system32;C:\Windows;C:\Windows\System32\Wbem;C:\Windows\System32\WindowsPowerShell\v1.0\;C:\Windows\System32\OpenSSH\;C:\Program Files (x86)\ATI Technologies\ATI.ACE\Core-Static;E:\git\Git\cmd;C:\Program Files\Docker\Docker\resources\bin;C:\ProgramData\DockerDesktop\version-bin;C:\Users\Anastasiy\AppData\Local\Microsoft\WindowsApps;E:\vc\Microsoft VS Code\bin
USERNAME=Anastasiy
OS=Windows_NT
PROCESSOR_IDENTIFIER=Intel64 Family 6 Model 42 Stepping 7, GenuineIntel



---------------  S Y S T E M  ---------------

OS: Windows 10 , 64 bit Build 19041 (10.0.19041.928)
OS uptime: 2 days 20:31 hours
HyperV virtualization detected

CPU:total 4 (initial active 4) (2 cores per cpu, 2 threads per core) family 6 model 42 stepping 7, cmov, cx8, fxsr, mmx, sse, sse2, sse3, ssse3, sse4.1, sse4.2, popcnt, avx, aes, clmul, ht, tsc, tscinvbit

Memory: 4k page, system-wide physical 8139M (599M free)
TotalPageFile size 20567M (AvailPageFile size 113M)
current process WorkingSet (physical memory assigned to process): 9M, peak: 9M
current process commit charge ("private bytes"): 51M, peak: 179M

vm_info: OpenJDK 64-Bit Server VM (11.0.9.1+1) for windows-amd64 JRE (11.0.9.1+1), built on Nov 10 2020 15:18:49 by "" with MS VC++ 15.9 (VS2017)

END.
